info: socket.io started
warn: error raised: Error: listen EADDRINUSE
12 Apr 19:07:19 - [nodemon] v0.7.6
12 Apr 19:07:19 - [32m[nodemon] watching: /home/ec2-user/repos/Bon[0m
12 Apr 19:07:20 - [32m[nodemon] starting `node simulEdit.js`[0m
12 Apr 19:07:20 - [nodemon] exception in nodemon killing node
Error: EBADF, read
12 Apr 19:07:20 - [1;31m[nodemon] app crashed - waiting for file changes before starting...[0m
12 Apr 19:07:44 - [nodemon] v0.7.6
12 Apr 19:07:44 - [32m[nodemon] watching: /home/ec2-user/repos/Bon[0m
12 Apr 19:07:44 - [32m[nodemon] starting `node simulEdit.js`[0m
12 Apr 19:07:44 - [nodemon] exception in nodemon killing node
Error: EBADF, read
12 Apr 19:07:44 - [1;31m[nodemon] app crashed - waiting for file changes before starting...[0m
info: socket.io started
Type here. Press enter to send.
12 Apr 19:08:43 - [nodemon] exiting
12 Apr 19:09:11 - [nodemon] restarting due to changes...
12 Apr 19:09:11 - [nodemon] /home/ec2-user/repos/Bon/simulEdit.js


12 Apr 19:09:11 - [32m[nodemon] starting `node simulEdit.js`[0m
info: socket.io started
info: socket.io started
warn: error raised: Error: listen EADDRINUSE
12 Apr 20:22:44 - [nodemon] restarting due to changes...
12 Apr 20:22:44 - [nodemon] /home/ec2-user/repos/Bon/simulEdit.js


12 Apr 20:22:44 - [32m[nodemon] starting `node simulEdit.js`[0m
info: socket.io started
12 Apr 20:23:21 - [nodemon] exiting
info: socket.io started

/home/ec2-user/repos/Bon/simulEdit.js:8
		fs.createWriteStream('log.txt', {'flags': 'a'});
		^
ReferenceError: fs is not defined
    at Socket.<anonymous> (/home/ec2-user/repos/Bon/simulEdit.js:8:3)
    at Socket.EventEmitter.emit [as $emit] (events.js:95:17)
    at SocketNamespace.handlePacket (/home/ec2-user/repos/Bon/node_modules/socket.io/lib/namespace.js:335:22)
    at Manager.onClientMessage (/home/ec2-user/repos/Bon/node_modules/socket.io/lib/manager.js:488:38)
    at WebSocket.Transport.onMessage (/home/ec2-user/repos/Bon/node_modules/socket.io/lib/transport.js:387:20)
    at Parser.<anonymous> (/home/ec2-user/repos/Bon/node_modules/socket.io/lib/transports/websocket/hybi-16.js:39:10)
    at Parser.EventEmitter.emit (events.js:95:17)
    at finish (/home/ec2-user/repos/Bon/node_modules/socket.io/lib/transports/websocket/hybi-16.js:288:16)
    at Parser.expectHandler (/home/ec2-user/repos/Bon/node_modules/socket.io/lib/transports/websocket/hybi-16.js:299:15)
    at Parser.add (/home/ec2-user/repos/Bon/node_modules/socket.io/lib/transports/websocket/hybi-16.js:466:24)
